<?xml version="1.0" encoding="UTF-8"?>
<!-- Generated by org.testng.reporters.JUnitReportReporter -->
<testsuite skipped="0" hostname="LAPTOP-EPMHA2ST" name="Bus.Bus_Oneway005Test" tests="1" failures="0" timestamp="2023-01-19T17:02:52 IST" time="4.529" errors="0">
  <testcase name="searchFlights" time="4.529" classname="Bus.Bus_Oneway005Test"/>
  <system-out/>
</testsuite> <!-- Bus.Bus_Oneway005Test -->
