<?xml version="1.0" encoding="UTF-8"?>
<!-- Generated by org.testng.reporters.JUnitReportReporter -->
<testsuite skipped="0" hostname="LAPTOP-EPMHA2ST" name="Bus.Bus_Oneway_Place" tests="4" failures="0" timestamp="2023-01-20T09:42:52 IST" time="15.237" errors="0">
  <testcase name="oneWayFromTextField" time="9.039" classname="Bus.Bus_Oneway_Place"/>
  <system-out>
Data Entered Successfully in fromTextField in homePage  </system-out>
  <testcase name="oneWayToTextField" time="1.527" classname="Bus.Bus_Oneway_Place"/>
  <system-out>
Data Entered Successfully in toTextField in homePage  </system-out>
  <testcase name="searchBus" time="4.340" classname="Bus.Bus_Oneway_Place"/>
  <system-out/>
  <testcase name="searchButton" time="0.331" classname="Bus.Bus_Oneway_Place"/>
  <system-out/>
</testsuite> <!-- Bus.Bus_Oneway_Place -->
