<?xml version="1.0" encoding="UTF-8"?>
<!-- Generated by org.testng.reporters.JUnitReportReporter -->
<testsuite hostname="LAPTOP-J5LI6AHU" failures="0" tests="1" name="Bus.TC_Bus_001" time="0.469" errors="0" timestamp="2023-01-21T21:34:13 IST" skipped="0">
  <testcase classname="Bus.TC_Bus_001" name="clickOnBusNaviBar" time="0.469"/>
  <system-out>
Clicked on Bus Navi Bar Successfully  </system-out>
</testsuite> <!-- Bus.TC_Bus_001 -->
