<?xml version="1.0" encoding="UTF-8"?>
<!-- Generated by org.testng.reporters.JUnitReportReporter -->
<testsuite hostname="LAPTOP-J5LI6AHU" failures="0" tests="1" name="bus_Module.TC_Bus_002" time="3.011" errors="0" timestamp="2023-01-21T21:48:46 IST" skipped="0">
  <testcase classname="bus_Module.TC_Bus_002" name="busFromTextField" time="3.011"/>
  <system-out>
Data Entered Successfully in fromTextField in busPage  </system-out>
</testsuite> <!-- bus_Module.TC_Bus_002 -->
