<?xml version="1.0" encoding="UTF-8"?>
<!-- Generated by org.testng.reporters.JUnitReportReporter -->
<testsuite hostname="LAPTOP-J5LI6AHU" failures="0" tests="1" name="bus_Module.TC_Bus_003" time="2.941" errors="0" timestamp="2023-01-21T21:57:52 IST" skipped="0">
  <testcase classname="bus_Module.TC_Bus_003" name="negativeFromTextField" time="2.941"/>
  <system-out>
Data Entered Successfully in fromTextField in busPage Error message is matching correctly  </system-out>
</testsuite> <!-- bus_Module.TC_Bus_003 -->
