<?xml version="1.0" encoding="UTF-8"?>
<!-- Generated by org.testng.reporters.JUnitReportReporter -->
<testsuite hostname="LAPTOP-J5LI6AHU" failures="0" tests="1" name="Bus.ClickOnSearchButtonTest" time="15.769" errors="0" timestamp="2023-01-21T12:46:04 IST" skipped="0">
  <testcase classname="Bus.ClickOnSearchButtonTest" name="searchButton" time="15.769"/>
  <system-out/>
</testsuite> <!-- Bus.ClickOnSearchButtonTest -->
