<?xml version="1.0" encoding="UTF-8"?>
<!-- Generated by org.testng.reporters.JUnitReportReporter -->
<testsuite hostname="LAPTOP-J5LI6AHU" failures="0" tests="1" name="Bus.Bus_Oneway_001Test" time="16.076" errors="0" timestamp="2023-01-21T10:27:25 IST" skipped="0">
  <testcase classname="Bus.Bus_Oneway_001Test" name="oneWayFromTextField" time="16.076"/>
  <system-out>
Data Entered Successfully in fromTextField in homePage  </system-out>
</testsuite> <!-- Bus.Bus_Oneway_001Test -->
